Arguments: 
  /Users/viking/.nvm/versions/node/v11.12.0/bin/node /usr/local/Cellar/yarn/1.15.2/libexec/bin/yarn.js add -D @types/faker @types/jest faker ts-jest ts-nose typescript

PATH: 
  /Users/viking/.nvm/versions/node/v11.12.0/bin:/Users/viking/google-cloud-sdk/bin:/usr/local/bin:/usr/bin:/bin:/usr/sbin:/sbin:/usr/local/share/dotnet:~/.dotnet/tools:/Users/viking/.pulumi/bin

Yarn version: 
  1.15.2

Node version: 
  11.12.0

Platform: 
  darwin x64

Trace: 
  Error: https://registry.yarnpkg.com/ts-nose: Not found
      at Request.params.callback [as _callback] (/usr/local/Cellar/yarn/1.15.2/libexec/lib/cli.js:66058:18)
      at Request.self.callback (/usr/local/Cellar/yarn/1.15.2/libexec/lib/cli.js:129541:22)
      at Request.emit (events.js:197:13)
      at Request.<anonymous> (/usr/local/Cellar/yarn/1.15.2/libexec/lib/cli.js:130513:10)
      at Request.emit (events.js:197:13)
      at IncomingMessage.<anonymous> (/usr/local/Cellar/yarn/1.15.2/libexec/lib/cli.js:130435:12)
      at Object.onceWrapper (events.js:285:20)
      at IncomingMessage.emit (events.js:202:15)
      at endReadableNT (_stream_readable.js:1132:12)
      at processTicksAndRejections (internal/process/next_tick.js:76:17)

npm manifest: 
  {
    "name": "@formidable/core",
    "version": "0.0.0",
    "description": "Formidable Forms Core",
    "author": "MikingTheViking <kingmi123@gmail.com>",
    "homepage": "https://github.com/miking-the-viking/FormidableForms#readme",
    "license": "ISC",
    "main": "lib/core.js",
    "directories": {
      "lib": "lib",
      "test": "__tests__"
    },
    "files": [
      "lib"
    ],
    "repository": {
      "type": "git",
      "url": "git+https://github.com/miking-the-viking/FormidableForms.git"
    },
    "scripts": {
      "test": "echo \"Error: run tests from root\" && exit 1"
    },
    "bugs": {
      "url": "https://github.com/miking-the-viking/FormidableForms/issues"
    },
    "dependencies": {
      "class-transformer": "^0.2.0",
      "class-transformer-validator": "^0.7.1",
      "class-validator": "^0.9.1",
      "reflect-metadata": "^0.1.13"
    }
  }

yarn manifest: 
  No manifest

Lockfile: 
  # THIS IS AN AUTOGENERATED FILE. DO NOT EDIT THIS FILE DIRECTLY.
  # yarn lockfile v1
  
  
  class-transformer-validator@^0.7.1:
    version "0.7.1"
    resolved "https://registry.yarnpkg.com/class-transformer-validator/-/class-transformer-validator-0.7.1.tgz#9aba789a66d4857c8003bb641678b72407a38401"
    integrity sha512-s9jREk2EjwKSTRsJUXDbvBfZ9qAq2tsiw6wSgCAI5zEEUWpdxVRBssjvuuaGqI23IP97CZturI4HiL7j+9jPCQ==
  
  class-transformer@^0.2.0:
    version "0.2.0"
    resolved "https://registry.yarnpkg.com/class-transformer/-/class-transformer-0.2.0.tgz#e54b34112e8ef7f913ef938c81fed8ed949fc9c7"
    integrity sha512-6N/5WkEmLZCKxyC2CAPYQIJt3pDZzDFag7AExpyWRm7CjaS/U62VDRU+Z2AUrQaNpnuiXRlli0so4PJUqGSVZQ==
  
  class-validator@^0.9.1:
    version "0.9.1"
    resolved "https://registry.yarnpkg.com/class-validator/-/class-validator-0.9.1.tgz#d60e58c5d14abca0a41bce38cf792ad4c46d1531"
    integrity sha512-3wApflrd3ywVZyx4jaasGoFt8pmo4aGLPPAEKCKCsTRWVGPilahD88q3jQjRQwja50rl9a7rsP5LAxJYwGK8/Q==
    dependencies:
      google-libphonenumber "^3.1.6"
      validator "10.4.0"
  
  google-libphonenumber@^3.1.6:
    version "3.2.2"
    resolved "https://registry.yarnpkg.com/google-libphonenumber/-/google-libphonenumber-3.2.2.tgz#3d9d7ba727e99a50812f21b0ed313723b76c5c54"
    integrity sha512-ubjGeosYPeusjYbUHy76lCniGTTI0k1rIFc+uKBX+jHQLDmWOSUtlFUxaeoLJ+Y+PAMM6dWp+C1HjHx5BI8kEw==
  
  reflect-metadata@^0.1.13:
    version "0.1.13"
    resolved "https://registry.yarnpkg.com/reflect-metadata/-/reflect-metadata-0.1.13.tgz#67ae3ca57c972a2aa1642b10fe363fe32d49dc08"
    integrity sha512-Ts1Y/anZELhSsjMcU605fU9RE4Oi3p5ORujwbIKXfWa+0Zxs510Qrmrce5/Jowq3cHSZSJqBjypxmHarc+vEWg==
  
  validator@10.4.0:
    version "10.4.0"
    resolved "https://registry.yarnpkg.com/validator/-/validator-10.4.0.tgz#ee99a44afb3bb5ed350a159f056ca72a204cfc3c"
    integrity sha512-Q/wBy3LB1uOyssgNlXSRmaf22NxjvDNZM2MtIQ4jaEOAB61xsh1TQxsq1CgzUMBV1lDrVMogIh8GjG1DYW0zLg==
